<?xml version="1.0" encoding="UTF-8"?>
<!-- Generated by org.testng.reporters.JUnitReportReporter -->
<testsuite hostname="DESKTOP-EPSULGC" failures="0" tests="2" name="TestNGTutorial2.TestLogins" time="0.002" errors="0" timestamp="2021-12-26T18:19:02 CST" skipped="0">
  <testcase classname="TestNGTutorial2.TestLogins" name="WebLogin" time="0.001"/>
  <system-out/>
  <testcase classname="TestNGTutorial2.TestLogins" name="MobileLogin" time="0.001"/>
  <system-out/>
</testsuite> <!-- TestNGTutorial2.TestLogins -->
