<?xml version="1.0" encoding="UTF-8"?>
<!-- Generated by org.testng.reporters.JUnitReportReporter -->
<testsuite hostname="DESKTOP-EPSULGC" failures="0" tests="5" name="TestNGTutorial2.TestCarLoan" time="0.006" errors="0" timestamp="2021-12-26T18:19:02 CST" skipped="1">
  <testcase classname="TestNGTutorial2.TestCarLoan" name="MobileLoginCarLoan" time="0.001"/>
  <system-out/>
  <testcase classname="TestNGTutorial2.TestCarLoan" name="WebLoginCarLoan" time="0.001"/>
  <system-out/>
  <testcase classname="TestNGTutorial2.TestCarLoan" name="RestAPILoginCarLoan" time="0.003"/>
  <system-out/>
  <testcase classname="TestNGTutorial2.TestCarLoan" name="zDependenceTestFirst" time="0.001"/>
  <system-out/>
  <testcase classname="TestNGTutorial2.TestCarLoan" name="EnabledDisabledTest">
    <skipped/>
  </testcase> <!-- EnabledDisabledTest -->
  <system-out/>
</testsuite> <!-- TestNGTutorial2.TestCarLoan -->
